[2025-03-13T21:22:04.521+0000] {local_task_job_runner.py:123} INFO - ::group::Pre task execution logs
[2025-03-13T21:22:04.533+0000] {taskinstance.py:2614} INFO - Dependencies all met for dep_context=non-requeueable deps ti=<TaskInstance: open_weather_etl.extract manual__2025-03-13T21:22:03.565808+00:00 [queued]>
[2025-03-13T21:22:04.537+0000] {taskinstance.py:2614} INFO - Dependencies all met for dep_context=requeueable deps ti=<TaskInstance: open_weather_etl.extract manual__2025-03-13T21:22:03.565808+00:00 [queued]>
[2025-03-13T21:22:04.538+0000] {taskinstance.py:2867} INFO - Starting attempt 1 of 2
[2025-03-13T21:22:05.108+0000] {taskinstance.py:2890} INFO - Executing <Task(PythonOperator): extract> on 2025-03-13 21:22:03.565808+00:00
[2025-03-13T21:22:05.154+0000] {warnings.py:112} WARNING - /home/***/.local/lib/python3.12/site-packages/***/task/task_runner/standard_task_runner.py:70: DeprecationWarning: This process (pid=117) is multi-threaded, use of fork() may lead to deadlocks in the child.
  pid = os.fork()

[2025-03-13T21:22:05.171+0000] {standard_task_runner.py:72} INFO - Started process 124 to run task
[2025-03-13T21:22:05.192+0000] {standard_task_runner.py:104} INFO - Running: ['***', 'tasks', 'run', 'open_weather_etl', 'extract', 'manual__2025-03-13T21:22:03.565808+00:00', '--job-id', '25', '--raw', '--subdir', 'DAGS_FOLDER/test_dag.py', '--cfg-path', '/tmp/tmpy8n10grn']
[2025-03-13T21:22:05.218+0000] {standard_task_runner.py:105} INFO - Job 25: Subtask extract
[2025-03-13T21:22:05.402+0000] {task_command.py:467} INFO - Running <TaskInstance: open_weather_etl.extract manual__2025-03-13T21:22:03.565808+00:00 [running]> on host 7499a3ac39c6
[2025-03-13T21:22:05.551+0000] {taskinstance.py:3134} INFO - Exporting env vars: AIRFLOW_CTX_DAG_EMAIL='your_email@example.com' AIRFLOW_CTX_DAG_OWNER='***' AIRFLOW_CTX_DAG_ID='open_weather_etl' AIRFLOW_CTX_TASK_ID='extract' AIRFLOW_CTX_EXECUTION_DATE='2025-03-13T21:22:03.565808+00:00' AIRFLOW_CTX_TRY_NUMBER='1' AIRFLOW_CTX_DAG_RUN_ID='manual__2025-03-13T21:22:03.565808+00:00'
[2025-03-13T21:22:05.553+0000] {taskinstance.py:732} INFO - ::endgroup::
[2025-03-13T21:22:05.587+0000] {logging_mixin.py:190} INFO - Starting extraction process from Open Weather API...
[2025-03-13T21:22:05.634+0000] {logging_mixin.py:190} INFO -    OrganizationIdentifier  ... ProviderName
0                 USGS-CA  ...         NWIS
1                 USGS-CA  ...         NWIS
2                 USGS-CA  ...         NWIS
3                 USGS-CA  ...         NWIS
4                 USGS-CA  ...         NWIS
5                 USGS-CA  ...         NWIS
6                 USGS-CA  ...         NWIS
7                 USGS-CA  ...         NWIS
8                 USGS-CA  ...         NWIS
9                 USGS-CA  ...         NWIS
10                USGS-CA  ...         NWIS
11           11NPSWRD_WQX  ...       STORET
12            CABEACH_WQX  ...       STORET
13            CABEACH_WQX  ...       STORET

[14 rows x 37 columns]
[2025-03-13T21:22:05.635+0000] {logging_mixin.py:190} INFO - Extraction complete.
[2025-03-13T21:22:05.652+0000] {python.py:240} INFO - Done. Returned value was: Extraction completed successfully!
[2025-03-13T21:22:05.675+0000] {taskinstance.py:341} INFO - ::group::Post task execution logs
[2025-03-13T21:22:05.676+0000] {taskinstance.py:353} INFO - Marking task as SUCCESS. dag_id=open_weather_etl, task_id=extract, run_id=manual__2025-03-13T21:22:03.565808+00:00, execution_date=20250313T212203, start_date=20250313T212204, end_date=20250313T212205
[2025-03-13T21:22:05.716+0000] {local_task_job_runner.py:266} INFO - Task exited with return code 0
[2025-03-13T21:22:05.736+0000] {taskinstance.py:3901} INFO - 1 downstream tasks scheduled from follow-on schedule check
[2025-03-13T21:22:05.737+0000] {local_task_job_runner.py:245} INFO - ::endgroup::
