[2025-03-14T22:50:00.854+0000] {local_task_job_runner.py:123} INFO - ::group::Pre task execution logs
[2025-03-14T22:50:00.865+0000] {taskinstance.py:2614} INFO - Dependencies all met for dep_context=non-requeueable deps ti=<TaskInstance: open_weather_etl.extract scheduled__2025-03-14T22:45:00+00:00 [queued]>
[2025-03-14T22:50:01.146+0000] {taskinstance.py:2614} INFO - Dependencies all met for dep_context=requeueable deps ti=<TaskInstance: open_weather_etl.extract scheduled__2025-03-14T22:45:00+00:00 [queued]>
[2025-03-14T22:50:01.147+0000] {taskinstance.py:2867} INFO - Starting attempt 1 of 2
[2025-03-14T22:50:01.151+0000] {taskinstance.py:2890} INFO - Executing <Task(PythonOperator): extract> on 2025-03-14 22:45:00+00:00
[2025-03-14T22:50:01.157+0000] {warnings.py:112} WARNING - /home/***/.local/lib/python3.12/site-packages/***/task/task_runner/standard_task_runner.py:70: DeprecationWarning: This process (pid=3104) is multi-threaded, use of fork() may lead to deadlocks in the child.
  pid = os.fork()

[2025-03-14T22:50:01.158+0000] {standard_task_runner.py:72} INFO - Started process 3105 to run task
[2025-03-14T22:50:01.158+0000] {standard_task_runner.py:104} INFO - Running: ['***', 'tasks', 'run', 'open_weather_etl', 'extract', 'scheduled__2025-03-14T22:45:00+00:00', '--job-id', '263', '--raw', '--subdir', 'DAGS_FOLDER/open_weather_dag.py', '--cfg-path', '/tmp/tmpdc65_fj2']
[2025-03-14T22:50:01.159+0000] {standard_task_runner.py:105} INFO - Job 263: Subtask extract
[2025-03-14T22:50:01.183+0000] {task_command.py:467} INFO - Running <TaskInstance: open_weather_etl.extract scheduled__2025-03-14T22:45:00+00:00 [running]> on host c20e6545b232
[2025-03-14T22:50:01.216+0000] {taskinstance.py:3134} INFO - Exporting env vars: AIRFLOW_CTX_DAG_EMAIL='lherrera5034@gmail.com' AIRFLOW_CTX_DAG_OWNER='Airflow' AIRFLOW_CTX_DAG_ID='open_weather_etl' AIRFLOW_CTX_TASK_ID='extract' AIRFLOW_CTX_EXECUTION_DATE='2025-03-14T22:45:00+00:00' AIRFLOW_CTX_TRY_NUMBER='1' AIRFLOW_CTX_DAG_RUN_ID='scheduled__2025-03-14T22:45:00+00:00'
[2025-03-14T22:50:01.216+0000] {taskinstance.py:732} INFO - ::endgroup::
[2025-03-14T22:50:01.226+0000] {open_weather_dag.py:32} INFO - Starting extraction...
[2025-03-14T22:50:01.243+0000] {logging_mixin.py:190} INFO - ep-delicate-boat-a6ss4eo0-pooler.us-west-2.aws.neon.tech
[2025-03-14T22:50:01.243+0000] {logging_mixin.py:190} INFO - 5432
[2025-03-14T22:50:01.243+0000] {logging_mixin.py:190} INFO - neondb_owner
[2025-03-14T22:50:01.243+0000] {logging_mixin.py:190} INFO - npg_JyMIcmZ8C6Si
[2025-03-14T22:50:01.243+0000] {open_weather_dag.py:35} INFO - Extraction complete.
[2025-03-14T22:50:01.243+0000] {python.py:240} INFO - Done. Returned value was: None
[2025-03-14T22:50:01.249+0000] {taskinstance.py:341} INFO - ::group::Post task execution logs
[2025-03-14T22:50:01.249+0000] {taskinstance.py:353} INFO - Marking task as SUCCESS. dag_id=open_weather_etl, task_id=extract, run_id=scheduled__2025-03-14T22:45:00+00:00, execution_date=20250314T224500, start_date=20250314T225000, end_date=20250314T225001
[2025-03-14T22:50:01.306+0000] {local_task_job_runner.py:266} INFO - Task exited with return code 0
[2025-03-14T22:50:01.318+0000] {taskinstance.py:3901} INFO - 1 downstream tasks scheduled from follow-on schedule check
[2025-03-14T22:50:01.318+0000] {local_task_job_runner.py:245} INFO - ::endgroup::
