[2025-03-14T18:35:24.420+0000] {local_task_job_runner.py:123} INFO - ::group::Pre task execution logs
[2025-03-14T18:35:24.436+0000] {taskinstance.py:2614} INFO - Dependencies all met for dep_context=non-requeueable deps ti=<TaskInstance: open_weather_etl.extract scheduled__2025-03-14T18:30:00+00:00 [queued]>
[2025-03-14T18:35:24.611+0000] {taskinstance.py:2614} INFO - Dependencies all met for dep_context=requeueable deps ti=<TaskInstance: open_weather_etl.extract scheduled__2025-03-14T18:30:00+00:00 [queued]>
[2025-03-14T18:35:24.611+0000] {taskinstance.py:2867} INFO - Starting attempt 1 of 2
[2025-03-14T18:35:24.616+0000] {taskinstance.py:2890} INFO - Executing <Task(PythonOperator): extract> on 2025-03-14 18:30:00+00:00
[2025-03-14T18:35:24.621+0000] {warnings.py:112} WARNING - /home/***/.local/lib/python3.12/site-packages/***/task/task_runner/standard_task_runner.py:70: DeprecationWarning: This process (pid=395) is multi-threaded, use of fork() may lead to deadlocks in the child.
  pid = os.fork()

[2025-03-14T18:35:24.622+0000] {standard_task_runner.py:72} INFO - Started process 396 to run task
[2025-03-14T18:35:24.622+0000] {standard_task_runner.py:104} INFO - Running: ['***', 'tasks', 'run', 'open_weather_etl', 'extract', 'scheduled__2025-03-14T18:30:00+00:00', '--job-id', '90', '--raw', '--subdir', 'DAGS_FOLDER/open_weather_dag.py', '--cfg-path', '/tmp/tmpc4r2o8ak']
[2025-03-14T18:35:24.623+0000] {standard_task_runner.py:105} INFO - Job 90: Subtask extract
[2025-03-14T18:35:24.652+0000] {task_command.py:467} INFO - Running <TaskInstance: open_weather_etl.extract scheduled__2025-03-14T18:30:00+00:00 [running]> on host a8e3300004fc
[2025-03-14T18:35:24.695+0000] {taskinstance.py:3134} INFO - Exporting env vars: AIRFLOW_CTX_DAG_EMAIL='lherrera5034@gmail.com' AIRFLOW_CTX_DAG_OWNER='Airflow' AIRFLOW_CTX_DAG_ID='open_weather_etl' AIRFLOW_CTX_TASK_ID='extract' AIRFLOW_CTX_EXECUTION_DATE='2025-03-14T18:30:00+00:00' AIRFLOW_CTX_TRY_NUMBER='1' AIRFLOW_CTX_DAG_RUN_ID='scheduled__2025-03-14T18:30:00+00:00'
[2025-03-14T18:35:24.696+0000] {taskinstance.py:732} INFO - ::endgroup::
[2025-03-14T18:35:24.711+0000] {logging_mixin.py:190} INFO - host
[2025-03-14T18:35:24.711+0000] {logging_mixin.py:190} INFO - 5432
[2025-03-14T18:35:24.711+0000] {logging_mixin.py:190} INFO - your_username
[2025-03-14T18:35:24.712+0000] {logging_mixin.py:190} INFO - your_password
[2025-03-14T18:35:24.720+0000] {python.py:240} INFO - Done. Returned value was: None
[2025-03-14T18:35:24.725+0000] {taskinstance.py:341} INFO - ::group::Post task execution logs
[2025-03-14T18:35:24.726+0000] {taskinstance.py:353} INFO - Marking task as SUCCESS. dag_id=open_weather_etl, task_id=extract, run_id=scheduled__2025-03-14T18:30:00+00:00, execution_date=20250314T183000, start_date=20250314T183524, end_date=20250314T183524
[2025-03-14T18:35:24.764+0000] {local_task_job_runner.py:266} INFO - Task exited with return code 0
[2025-03-14T18:35:24.781+0000] {taskinstance.py:3901} INFO - 0 downstream tasks scheduled from follow-on schedule check
[2025-03-14T18:35:24.782+0000] {local_task_job_runner.py:245} INFO - ::endgroup::
