[2025-03-13T22:45:07.075+0000] {local_task_job_runner.py:123} INFO - ::group::Pre task execution logs
[2025-03-13T22:45:07.118+0000] {taskinstance.py:2614} INFO - Dependencies all met for dep_context=non-requeueable deps ti=<TaskInstance: open_weather_etl.extract manual__2025-03-13T22:45:04.546777+00:00 [queued]>
[2025-03-13T22:45:07.134+0000] {taskinstance.py:2614} INFO - Dependencies all met for dep_context=requeueable deps ti=<TaskInstance: open_weather_etl.extract manual__2025-03-13T22:45:04.546777+00:00 [queued]>
[2025-03-13T22:45:07.135+0000] {taskinstance.py:2867} INFO - Starting attempt 1 of 2
[2025-03-13T22:45:07.615+0000] {taskinstance.py:2890} INFO - Executing <Task(PythonOperator): extract> on 2025-03-13 22:45:04.546777+00:00
[2025-03-13T22:45:07.619+0000] {warnings.py:112} WARNING - /home/***/.local/lib/python3.12/site-packages/***/task/task_runner/standard_task_runner.py:70: DeprecationWarning: This process (pid=113) is multi-threaded, use of fork() may lead to deadlocks in the child.
  pid = os.fork()

[2025-03-13T22:45:07.620+0000] {standard_task_runner.py:72} INFO - Started process 114 to run task
[2025-03-13T22:45:07.621+0000] {standard_task_runner.py:104} INFO - Running: ['***', 'tasks', 'run', 'open_weather_etl', 'extract', 'manual__2025-03-13T22:45:04.546777+00:00', '--job-id', '37', '--raw', '--subdir', 'DAGS_FOLDER/test_dag.py', '--cfg-path', '/tmp/tmpx5jq8zaq']
[2025-03-13T22:45:07.621+0000] {standard_task_runner.py:105} INFO - Job 37: Subtask extract
[2025-03-13T22:45:07.684+0000] {task_command.py:467} INFO - Running <TaskInstance: open_weather_etl.extract manual__2025-03-13T22:45:04.546777+00:00 [running]> on host 5d057be2c2e6
[2025-03-13T22:45:07.904+0000] {taskinstance.py:3134} INFO - Exporting env vars: AIRFLOW_CTX_DAG_EMAIL='your_email@example.com' AIRFLOW_CTX_DAG_OWNER='***' AIRFLOW_CTX_DAG_ID='open_weather_etl' AIRFLOW_CTX_TASK_ID='extract' AIRFLOW_CTX_EXECUTION_DATE='2025-03-13T22:45:04.546777+00:00' AIRFLOW_CTX_TRY_NUMBER='1' AIRFLOW_CTX_DAG_RUN_ID='manual__2025-03-13T22:45:04.546777+00:00'
[2025-03-13T22:45:07.907+0000] {taskinstance.py:732} INFO - ::endgroup::
[2025-03-13T22:45:08.033+0000] {logging_mixin.py:190} INFO - Starting extraction process from Open Weather API...
[2025-03-13T22:45:08.125+0000] {logging_mixin.py:190} INFO - host
[2025-03-13T22:45:08.125+0000] {logging_mixin.py:190} INFO - 5432
[2025-03-13T22:45:08.126+0000] {logging_mixin.py:190} INFO - your_username
[2025-03-13T22:45:08.126+0000] {logging_mixin.py:190} INFO - your_password
[2025-03-13T22:45:08.126+0000] {logging_mixin.py:190} INFO - Extraction complete.
[2025-03-13T22:45:08.181+0000] {python.py:240} INFO - Done. Returned value was: Extraction completed successfully!
[2025-03-13T22:45:08.248+0000] {taskinstance.py:341} INFO - ::group::Post task execution logs
[2025-03-13T22:45:08.249+0000] {taskinstance.py:353} INFO - Marking task as SUCCESS. dag_id=open_weather_etl, task_id=extract, run_id=manual__2025-03-13T22:45:04.546777+00:00, execution_date=20250313T224504, start_date=20250313T224507, end_date=20250313T224508
[2025-03-13T22:45:08.339+0000] {local_task_job_runner.py:266} INFO - Task exited with return code 0
[2025-03-13T22:45:08.357+0000] {taskinstance.py:3901} INFO - 1 downstream tasks scheduled from follow-on schedule check
[2025-03-13T22:45:08.357+0000] {local_task_job_runner.py:245} INFO - ::endgroup::
