[2025-03-14T23:00:01.269+0000] {local_task_job_runner.py:123} INFO - ::group::Pre task execution logs
[2025-03-14T23:00:01.282+0000] {taskinstance.py:2614} INFO - Dependencies all met for dep_context=non-requeueable deps ti=<TaskInstance: open_weather_etl.extract scheduled__2025-03-14T22:55:00+00:00 [queued]>
[2025-03-14T23:00:01.585+0000] {taskinstance.py:2614} INFO - Dependencies all met for dep_context=requeueable deps ti=<TaskInstance: open_weather_etl.extract scheduled__2025-03-14T22:55:00+00:00 [queued]>
[2025-03-14T23:00:01.586+0000] {taskinstance.py:2867} INFO - Starting attempt 1 of 2
[2025-03-14T23:00:01.592+0000] {taskinstance.py:2890} INFO - Executing <Task(PythonOperator): extract> on 2025-03-14 22:55:00+00:00
[2025-03-14T23:00:01.597+0000] {warnings.py:112} WARNING - /home/***/.local/lib/python3.12/site-packages/***/task/task_runner/standard_task_runner.py:70: DeprecationWarning: This process (pid=3255) is multi-threaded, use of fork() may lead to deadlocks in the child.
  pid = os.fork()

[2025-03-14T23:00:01.598+0000] {standard_task_runner.py:72} INFO - Started process 3256 to run task
[2025-03-14T23:00:01.599+0000] {standard_task_runner.py:104} INFO - Running: ['***', 'tasks', 'run', 'open_weather_etl', 'extract', 'scheduled__2025-03-14T22:55:00+00:00', '--job-id', '269', '--raw', '--subdir', 'DAGS_FOLDER/open_weather_dag.py', '--cfg-path', '/tmp/tmp1qj4tt1g']
[2025-03-14T23:00:01.599+0000] {standard_task_runner.py:105} INFO - Job 269: Subtask extract
[2025-03-14T23:00:01.631+0000] {task_command.py:467} INFO - Running <TaskInstance: open_weather_etl.extract scheduled__2025-03-14T22:55:00+00:00 [running]> on host c20e6545b232
[2025-03-14T23:00:01.684+0000] {taskinstance.py:3134} INFO - Exporting env vars: AIRFLOW_CTX_DAG_EMAIL='lherrera5034@gmail.com' AIRFLOW_CTX_DAG_OWNER='Airflow' AIRFLOW_CTX_DAG_ID='open_weather_etl' AIRFLOW_CTX_TASK_ID='extract' AIRFLOW_CTX_EXECUTION_DATE='2025-03-14T22:55:00+00:00' AIRFLOW_CTX_TRY_NUMBER='1' AIRFLOW_CTX_DAG_RUN_ID='scheduled__2025-03-14T22:55:00+00:00'
[2025-03-14T23:00:01.685+0000] {taskinstance.py:732} INFO - ::endgroup::
[2025-03-14T23:00:01.694+0000] {open_weather_dag.py:32} INFO - Starting extraction...
[2025-03-14T23:00:01.699+0000] {logging_mixin.py:190} INFO - ep-delicate-boat-a6ss4eo0-pooler.us-west-2.aws.neon.tech
[2025-03-14T23:00:01.699+0000] {logging_mixin.py:190} INFO - 5432
[2025-03-14T23:00:01.699+0000] {logging_mixin.py:190} INFO - neondb_owner
[2025-03-14T23:00:01.700+0000] {logging_mixin.py:190} INFO - npg_JyMIcmZ8C6Si
[2025-03-14T23:00:01.700+0000] {open_weather_dag.py:35} INFO - Extraction complete.
[2025-03-14T23:00:01.700+0000] {python.py:240} INFO - Done. Returned value was: None
[2025-03-14T23:00:01.707+0000] {taskinstance.py:341} INFO - ::group::Post task execution logs
[2025-03-14T23:00:01.707+0000] {taskinstance.py:353} INFO - Marking task as SUCCESS. dag_id=open_weather_etl, task_id=extract, run_id=scheduled__2025-03-14T22:55:00+00:00, execution_date=20250314T225500, start_date=20250314T230001, end_date=20250314T230001
[2025-03-14T23:00:01.743+0000] {local_task_job_runner.py:266} INFO - Task exited with return code 0
[2025-03-14T23:00:01.756+0000] {taskinstance.py:3901} INFO - 1 downstream tasks scheduled from follow-on schedule check
[2025-03-14T23:00:01.757+0000] {local_task_job_runner.py:245} INFO - ::endgroup::
